{"total": {"lines":{"total":50,"covered":45,"skipped":0,"pct":90},"statements":{"total":50,"covered":45,"skipped":0,"pct":90},"functions":{"total":12,"covered":12,"skipped":0,"pct":100},"branches":{"total":42,"covered":39,"skipped":0,"pct":92.85},"branchesTrue":{"total":0,"covered":0,"skipped":0,"pct":"Unknown"}}
,"/Users/ciaranotter/Documents/School_stuff/SCRUM_OF_THE_EARTH/musician/app/classes/metronome.js": {"lines":{"total":50,"covered":45,"skipped":0,"pct":90},"functions":{"total":12,"covered":12,"skipped":0,"pct":100},"statements":{"total":50,"covered":45,"skipped":0,"pct":90},"branches":{"total":42,"covered":39,"skipped":0,"pct":92.85}}
}
