TN:
SF:app/classes/metronome.js
FN:3,(anonymous_0)
FN:11,(anonymous_1)
FN:16,(anonymous_2)
FN:21,(anonymous_3)
FN:82,(anonymous_4)
FN:92,(anonymous_5)
FN:97,(anonymous_6)
FN:102,(anonymous_7)
FN:106,(anonymous_8)
FN:110,(anonymous_9)
FN:114,(anonymous_10)
FN:118,(anonymous_11)
FNF:12
FNH:12
FNDA:1,(anonymous_0)
FNDA:5,(anonymous_1)
FNDA:5,(anonymous_2)
FNDA:11,(anonymous_3)
FNDA:4,(anonymous_4)
FNDA:8,(anonymous_5)
FNDA:1,(anonymous_6)
FNDA:2,(anonymous_7)
FNDA:4,(anonymous_8)
FNDA:5,(anonymous_9)
FNDA:5,(anonymous_10)
FNDA:11,(anonymous_11)
DA:2,1
DA:4,1
DA:5,1
DA:6,1
DA:7,1
DA:12,5
DA:13,5
DA:17,5
DA:18,5
DA:22,11
DA:25,1
DA:27,10
DA:30,1
DA:32,9
DA:35,1
DA:37,8
DA:40,1
DA:42,7
DA:45,1
DA:47,6
DA:50,1
DA:52,5
DA:55,1
DA:57,4
DA:60,1
DA:62,3
DA:65,1
DA:67,2
DA:70,1
DA:72,1
DA:75,1
DA:79,11
DA:83,4
DA:84,2
DA:86,2
DA:87,2
DA:89,4
DA:93,8
DA:94,8
DA:98,1
DA:99,1
DA:103,2
DA:107,4
DA:111,5
DA:115,5
DA:119,11
LF:46
LH:46
BRDA:22,0,0,1
BRDA:22,0,1,10
BRDA:27,1,0,1
BRDA:27,1,1,9
BRDA:27,2,0,10
BRDA:27,2,1,10
BRDA:32,3,0,1
BRDA:32,3,1,8
BRDA:32,4,0,9
BRDA:32,4,1,9
BRDA:37,5,0,1
BRDA:37,5,1,7
BRDA:37,6,0,8
BRDA:37,6,1,8
BRDA:42,7,0,1
BRDA:42,7,1,6
BRDA:42,8,0,7
BRDA:42,8,1,7
BRDA:47,9,0,1
BRDA:47,9,1,5
BRDA:47,10,0,6
BRDA:47,10,1,6
BRDA:52,11,0,1
BRDA:52,11,1,4
BRDA:52,12,0,5
BRDA:52,12,1,5
BRDA:57,13,0,1
BRDA:57,13,1,3
BRDA:57,14,0,4
BRDA:57,14,1,4
BRDA:62,15,0,1
BRDA:62,15,1,2
BRDA:62,16,0,3
BRDA:62,16,1,3
BRDA:67,17,0,1
BRDA:67,17,1,1
BRDA:67,18,0,2
BRDA:67,18,1,2
BRDA:72,19,0,1
BRDA:72,19,1,0
BRDA:83,20,0,2
BRDA:83,20,1,2
BRF:42
BRH:41
end_of_record
