TN:
SF:app/classes/metronome.js
FN:3,(anonymous_0)
FN:11,(anonymous_1)
FN:17,(anonymous_2)
FN:22,(anonymous_3)
FN:83,(anonymous_4)
FN:96,(anonymous_5)
FN:101,(anonymous_6)
FN:106,(anonymous_7)
FN:110,(anonymous_8)
FN:114,(anonymous_9)
FN:118,(anonymous_10)
FN:122,(anonymous_11)
FNF:12
FNH:12
FNDA:1,(anonymous_0)
FNDA:5,(anonymous_1)
FNDA:5,(anonymous_2)
FNDA:11,(anonymous_3)
FNDA:4,(anonymous_4)
FNDA:6,(anonymous_5)
FNDA:1,(anonymous_6)
FNDA:2,(anonymous_7)
FNDA:4,(anonymous_8)
FNDA:5,(anonymous_9)
FNDA:5,(anonymous_10)
FNDA:11,(anonymous_11)
DA:2,1
DA:4,1
DA:5,1
DA:6,1
DA:7,1
DA:12,5
DA:13,5
DA:14,5
DA:18,5
DA:19,5
DA:23,11
DA:26,1
DA:28,10
DA:31,1
DA:33,9
DA:36,1
DA:38,8
DA:41,1
DA:43,7
DA:46,1
DA:48,6
DA:51,1
DA:53,5
DA:56,1
DA:58,4
DA:61,1
DA:63,3
DA:66,1
DA:68,2
DA:71,1
DA:73,1
DA:76,1
DA:80,11
DA:84,4
DA:85,4
DA:86,4
DA:87,0
DA:88,0
DA:90,0
DA:91,0
DA:93,0
DA:97,6
DA:98,6
DA:102,1
DA:103,1
DA:107,2
DA:111,4
DA:115,5
DA:119,5
DA:123,11
LF:50
LH:45
BRDA:23,0,0,1
BRDA:23,0,1,10
BRDA:28,1,0,1
BRDA:28,1,1,9
BRDA:28,2,0,10
BRDA:28,2,1,10
BRDA:33,3,0,1
BRDA:33,3,1,8
BRDA:33,4,0,9
BRDA:33,4,1,9
BRDA:38,5,0,1
BRDA:38,5,1,7
BRDA:38,6,0,8
BRDA:38,6,1,8
BRDA:43,7,0,1
BRDA:43,7,1,6
BRDA:43,8,0,7
BRDA:43,8,1,7
BRDA:48,9,0,1
BRDA:48,9,1,5
BRDA:48,10,0,6
BRDA:48,10,1,6
BRDA:53,11,0,1
BRDA:53,11,1,4
BRDA:53,12,0,5
BRDA:53,12,1,5
BRDA:58,13,0,1
BRDA:58,13,1,3
BRDA:58,14,0,4
BRDA:58,14,1,4
BRDA:63,15,0,1
BRDA:63,15,1,2
BRDA:63,16,0,3
BRDA:63,16,1,3
BRDA:68,17,0,1
BRDA:68,17,1,1
BRDA:68,18,0,2
BRDA:68,18,1,2
BRDA:73,19,0,1
BRDA:73,19,1,0
BRDA:87,20,0,0
BRDA:87,20,1,0
BRF:42
BRH:39
end_of_record
