{"total": {"lines":{"total":46,"covered":46,"skipped":0,"pct":100},"statements":{"total":46,"covered":46,"skipped":0,"pct":100},"functions":{"total":12,"covered":12,"skipped":0,"pct":100},"branches":{"total":40,"covered":39,"skipped":0,"pct":97.5},"branchesTrue":{"total":0,"covered":0,"skipped":0,"pct":"Unknown"}}
,"/Users/ciaranotter/Documents/School_stuff/SCRUM_OF_THE_EARTH/musician/app/classes/metronome.js": {"lines":{"total":46,"covered":46,"skipped":0,"pct":100},"functions":{"total":12,"covered":12,"skipped":0,"pct":100},"statements":{"total":46,"covered":46,"skipped":0,"pct":100},"branches":{"total":40,"covered":39,"skipped":0,"pct":97.5}}
}
