{"total": {"lines":{"total":46,"covered":25,"skipped":0,"pct":54.34},"statements":{"total":46,"covered":25,"skipped":0,"pct":54.34},"functions":{"total":12,"covered":11,"skipped":0,"pct":91.66},"branches":{"total":40,"covered":1,"skipped":0,"pct":2.5},"branchesTrue":{"total":0,"covered":0,"skipped":0,"pct":"Unknown"}}
,"/home/ciaran/Documents/School_stuff/SCRUM_OF_THE_EARTH/musician/app/classes/metronome.js": {"lines":{"total":46,"covered":25,"skipped":0,"pct":54.34},"functions":{"total":12,"covered":11,"skipped":0,"pct":91.66},"statements":{"total":46,"covered":25,"skipped":0,"pct":54.34},"branches":{"total":40,"covered":1,"skipped":0,"pct":2.5}}
}
