{"/home/ciaran/Documents/School_stuff/SCRUM_OF_THE_EARTH/musician/app/classes/metronome.js": {"path":"/home/ciaran/Documents/School_stuff/SCRUM_OF_THE_EARTH/musician/app/classes/metronome.js","statementMap":{"0":{"start":{"line":2,"column":0},"end":{"line":120,"column":1}},"1":{"start":{"line":4,"column":8},"end":{"line":4,"column":29}},"2":{"start":{"line":5,"column":8},"end":{"line":5,"column":23}},"3":{"start":{"line":6,"column":8},"end":{"line":6,"column":23}},"4":{"start":{"line":7,"column":8},"end":{"line":8,"column":48}},"5":{"start":{"line":12,"column":8},"end":{"line":12,"column":33}},"6":{"start":{"line":13,"column":8},"end":{"line":13,"column":22}},"7":{"start":{"line":14,"column":8},"end":{"line":14,"column":36}},"8":{"start":{"line":18,"column":8},"end":{"line":18,"column":23}},"9":{"start":{"line":19,"column":8},"end":{"line":19,"column":29}},"10":{"start":{"line":20,"column":8},"end":{"line":20,"column":24}},"11":{"start":{"line":24,"column":8},"end":{"line":79,"column":11}},"12":{"start":{"line":27,"column":12},"end":{"line":27,"column":61}},"13":{"start":{"line":29,"column":17},"end":{"line":79,"column":11}},"14":{"start":{"line":32,"column":12},"end":{"line":32,"column":55}},"15":{"start":{"line":34,"column":17},"end":{"line":79,"column":11}},"16":{"start":{"line":37,"column":12},"end":{"line":37,"column":46}},"17":{"start":{"line":39,"column":17},"end":{"line":79,"column":11}},"18":{"start":{"line":42,"column":12},"end":{"line":42,"column":46}},"19":{"start":{"line":44,"column":17},"end":{"line":79,"column":11}},"20":{"start":{"line":47,"column":12},"end":{"line":47,"column":57}},"21":{"start":{"line":49,"column":17},"end":{"line":79,"column":11}},"22":{"start":{"line":52,"column":12},"end":{"line":52,"column":54}},"23":{"start":{"line":54,"column":17},"end":{"line":79,"column":11}},"24":{"start":{"line":57,"column":12},"end":{"line":57,"column":53}},"25":{"start":{"line":59,"column":17},"end":{"line":79,"column":11}},"26":{"start":{"line":62,"column":12},"end":{"line":62,"column":46}},"27":{"start":{"line":64,"column":17},"end":{"line":79,"column":11}},"28":{"start":{"line":67,"column":12},"end":{"line":67,"column":50}},"29":{"start":{"line":69,"column":17},"end":{"line":79,"column":11}},"30":{"start":{"line":72,"column":12},"end":{"line":72,"column":52}},"31":{"start":{"line":74,"column":17},"end":{"line":79,"column":11}},"32":{"start":{"line":77,"column":12},"end":{"line":77,"column":72}},"33":{"start":{"line":81,"column":10},"end":{"line":81,"column":32}},"34":{"start":{"line":85,"column":6},"end":{"line":85,"column":23}},"35":{"start":{"line":86,"column":6},"end":{"line":86,"column":31}},"36":{"start":{"line":87,"column":6},"end":{"line":87,"column":26}},"37":{"start":{"line":91,"column":8},"end":{"line":91,"column":27}},"38":{"start":{"line":92,"column":8},"end":{"line":92,"column":26}},"39":{"start":{"line":96,"column":6},"end":{"line":96,"column":58}},"40":{"start":{"line":97,"column":6},"end":{"line":97,"column":23}},"41":{"start":{"line":101,"column":8},"end":{"line":101,"column":28}},"42":{"start":{"line":105,"column":6},"end":{"line":105,"column":22}},"43":{"start":{"line":109,"column":6},"end":{"line":109,"column":23}},"44":{"start":{"line":113,"column":6},"end":{"line":113,"column":33}},"45":{"start":{"line":117,"column":6},"end":{"line":117,"column":28}}},"fnMap":{"0":{"name":"(anonymous_0)","decl":{"start":{"line":3,"column":4},"end":{"line":3,"column":5}},"loc":{"start":{"line":3,"column":18},"end":{"line":9,"column":5}},"line":3},"1":{"name":"(anonymous_1)","decl":{"start":{"line":11,"column":4},"end":{"line":11,"column":5}},"loc":{"start":{"line":11,"column":25},"end":{"line":15,"column":5}},"line":11},"2":{"name":"(anonymous_2)","decl":{"start":{"line":17,"column":4},"end":{"line":17,"column":5}},"loc":{"start":{"line":17,"column":16},"end":{"line":21,"column":5}},"line":17},"3":{"name":"(anonymous_3)","decl":{"start":{"line":23,"column":4},"end":{"line":23,"column":5}},"loc":{"start":{"line":23,"column":23},"end":{"line":82,"column":5}},"line":23},"4":{"name":"(anonymous_4)","decl":{"start":{"line":84,"column":4},"end":{"line":84,"column":5}},"loc":{"start":{"line":84,"column":18},"end":{"line":88,"column":5}},"line":84},"5":{"name":"(anonymous_5)","decl":{"start":{"line":90,"column":4},"end":{"line":90,"column":5}},"loc":{"start":{"line":90,"column":20},"end":{"line":93,"column":5}},"line":90},"6":{"name":"(anonymous_6)","decl":{"start":{"line":95,"column":4},"end":{"line":95,"column":5}},"loc":{"start":{"line":95,"column":17},"end":{"line":98,"column":5}},"line":95},"7":{"name":"(anonymous_7)","decl":{"start":{"line":100,"column":4},"end":{"line":100,"column":5}},"loc":{"start":{"line":100,"column":16},"end":{"line":102,"column":5}},"line":100},"8":{"name":"(anonymous_8)","decl":{"start":{"line":104,"column":4},"end":{"line":104,"column":5}},"loc":{"start":{"line":104,"column":13},"end":{"line":106,"column":5}},"line":104},"9":{"name":"(anonymous_9)","decl":{"start":{"line":108,"column":4},"end":{"line":108,"column":5}},"loc":{"start":{"line":108,"column":15},"end":{"line":110,"column":5}},"line":108},"10":{"name":"(anonymous_10)","decl":{"start":{"line":112,"column":4},"end":{"line":112,"column":5}},"loc":{"start":{"line":112,"column":24},"end":{"line":114,"column":5}},"line":112},"11":{"name":"(anonymous_11)","decl":{"start":{"line":116,"column":4},"end":{"line":116,"column":5}},"loc":{"start":{"line":116,"column":19},"end":{"line":118,"column":5}},"line":116}},"branchMap":{"0":{"loc":{"start":{"line":24,"column":8},"end":{"line":79,"column":11}},"type":"if","locations":[{"start":{"line":24,"column":8},"end":{"line":79,"column":11}},{"start":{"line":29,"column":17},"end":{"line":79,"column":11}}],"line":24},"1":{"loc":{"start":{"line":29,"column":17},"end":{"line":79,"column":11}},"type":"if","locations":[{"start":{"line":29,"column":17},"end":{"line":79,"column":11}},{"start":{"line":34,"column":17},"end":{"line":79,"column":11}}],"line":29},"2":{"loc":{"start":{"line":29,"column":21},"end":{"line":29,"column":42}},"type":"binary-expr","locations":[{"start":{"line":29,"column":21},"end":{"line":29,"column":30}},{"start":{"line":29,"column":34},"end":{"line":29,"column":42}}],"line":29},"3":{"loc":{"start":{"line":34,"column":17},"end":{"line":79,"column":11}},"type":"if","locations":[{"start":{"line":34,"column":17},"end":{"line":79,"column":11}},{"start":{"line":39,"column":17},"end":{"line":79,"column":11}}],"line":34},"4":{"loc":{"start":{"line":34,"column":21},"end":{"line":34,"column":42}},"type":"binary-expr","locations":[{"start":{"line":34,"column":21},"end":{"line":34,"column":30}},{"start":{"line":34,"column":34},"end":{"line":34,"column":42}}],"line":34},"5":{"loc":{"start":{"line":39,"column":17},"end":{"line":79,"column":11}},"type":"if","locations":[{"start":{"line":39,"column":17},"end":{"line":79,"column":11}},{"start":{"line":44,"column":17},"end":{"line":79,"column":11}}],"line":39},"6":{"loc":{"start":{"line":39,"column":21},"end":{"line":39,"column":42}},"type":"binary-expr","locations":[{"start":{"line":39,"column":21},"end":{"line":39,"column":30}},{"start":{"line":39,"column":34},"end":{"line":39,"column":42}}],"line":39},"7":{"loc":{"start":{"line":44,"column":17},"end":{"line":79,"column":11}},"type":"if","locations":[{"start":{"line":44,"column":17},"end":{"line":79,"column":11}},{"start":{"line":49,"column":17},"end":{"line":79,"column":11}}],"line":44},"8":{"loc":{"start":{"line":44,"column":21},"end":{"line":44,"column":42}},"type":"binary-expr","locations":[{"start":{"line":44,"column":21},"end":{"line":44,"column":30}},{"start":{"line":44,"column":34},"end":{"line":44,"column":42}}],"line":44},"9":{"loc":{"start":{"line":49,"column":17},"end":{"line":79,"column":11}},"type":"if","locations":[{"start":{"line":49,"column":17},"end":{"line":79,"column":11}},{"start":{"line":54,"column":17},"end":{"line":79,"column":11}}],"line":49},"10":{"loc":{"start":{"line":49,"column":21},"end":{"line":49,"column":42}},"type":"binary-expr","locations":[{"start":{"line":49,"column":21},"end":{"line":49,"column":30}},{"start":{"line":49,"column":34},"end":{"line":49,"column":42}}],"line":49},"11":{"loc":{"start":{"line":54,"column":17},"end":{"line":79,"column":11}},"type":"if","locations":[{"start":{"line":54,"column":17},"end":{"line":79,"column":11}},{"start":{"line":59,"column":17},"end":{"line":79,"column":11}}],"line":54},"12":{"loc":{"start":{"line":54,"column":21},"end":{"line":54,"column":43}},"type":"binary-expr","locations":[{"start":{"line":54,"column":21},"end":{"line":54,"column":30}},{"start":{"line":54,"column":34},"end":{"line":54,"column":43}}],"line":54},"13":{"loc":{"start":{"line":59,"column":17},"end":{"line":79,"column":11}},"type":"if","locations":[{"start":{"line":59,"column":17},"end":{"line":79,"column":11}},{"start":{"line":64,"column":17},"end":{"line":79,"column":11}}],"line":59},"14":{"loc":{"start":{"line":59,"column":21},"end":{"line":59,"column":44}},"type":"binary-expr","locations":[{"start":{"line":59,"column":21},"end":{"line":59,"column":31}},{"start":{"line":59,"column":35},"end":{"line":59,"column":44}}],"line":59},"15":{"loc":{"start":{"line":64,"column":17},"end":{"line":79,"column":11}},"type":"if","locations":[{"start":{"line":64,"column":17},"end":{"line":79,"column":11}},{"start":{"line":69,"column":17},"end":{"line":79,"column":11}}],"line":64},"16":{"loc":{"start":{"line":64,"column":21},"end":{"line":64,"column":44}},"type":"binary-expr","locations":[{"start":{"line":64,"column":21},"end":{"line":64,"column":31}},{"start":{"line":64,"column":35},"end":{"line":64,"column":44}}],"line":64},"17":{"loc":{"start":{"line":69,"column":17},"end":{"line":79,"column":11}},"type":"if","locations":[{"start":{"line":69,"column":17},"end":{"line":79,"column":11}},{"start":{"line":74,"column":17},"end":{"line":79,"column":11}}],"line":69},"18":{"loc":{"start":{"line":69,"column":21},"end":{"line":69,"column":44}},"type":"binary-expr","locations":[{"start":{"line":69,"column":21},"end":{"line":69,"column":31}},{"start":{"line":69,"column":35},"end":{"line":69,"column":44}}],"line":69},"19":{"loc":{"start":{"line":74,"column":17},"end":{"line":79,"column":11}},"type":"if","locations":[{"start":{"line":74,"column":17},"end":{"line":79,"column":11}},{"start":{},"end":{}}],"line":74}},"s":{"0":1,"1":1,"2":1,"3":1,"4":1,"5":2,"6":2,"7":2,"8":2,"9":2,"10":2,"11":1,"12":1,"13":0,"14":0,"15":0,"16":0,"17":0,"18":0,"19":0,"20":0,"21":0,"22":0,"23":0,"24":0,"25":0,"26":0,"27":0,"28":0,"29":0,"30":0,"31":0,"32":0,"33":1,"34":3,"35":3,"36":3,"37":3,"38":3,"39":1,"40":1,"41":1,"42":1,"43":2,"44":2,"45":0},"f":{"0":1,"1":2,"2":2,"3":1,"4":3,"5":3,"6":1,"7":1,"8":1,"9":2,"10":2,"11":0},"b":{"0":[1,0],"1":[0,0],"2":[0,0],"3":[0,0],"4":[0,0],"5":[0,0],"6":[0,0],"7":[0,0],"8":[0,0],"9":[0,0],"10":[0,0],"11":[0,0],"12":[0,0],"13":[0,0],"14":[0,0],"15":[0,0],"16":[0,0],"17":[0,0],"18":[0,0],"19":[0,0]},"_coverageSchema":"1a1c01bbd47fc00a2c39e90264f33305004495a9","hash":"ee24054c22c57c6599b613be07ff7f2a196f224e"}
}
