TN:
SF:app/classes/metronome.js
FN:3,(anonymous_0)
FN:11,(anonymous_1)
FN:17,(anonymous_2)
FN:23,(anonymous_3)
FN:84,(anonymous_4)
FN:90,(anonymous_5)
FN:95,(anonymous_6)
FN:100,(anonymous_7)
FN:104,(anonymous_8)
FN:108,(anonymous_9)
FN:112,(anonymous_10)
FN:116,(anonymous_11)
FNF:12
FNH:12
FNDA:1,(anonymous_0)
FNDA:5,(anonymous_1)
FNDA:5,(anonymous_2)
FNDA:11,(anonymous_3)
FNDA:4,(anonymous_4)
FNDA:6,(anonymous_5)
FNDA:1,(anonymous_6)
FNDA:2,(anonymous_7)
FNDA:4,(anonymous_8)
FNDA:5,(anonymous_9)
FNDA:5,(anonymous_10)
FNDA:11,(anonymous_11)
DA:2,1
DA:4,1
DA:5,1
DA:6,1
DA:7,1
DA:12,5
DA:13,5
DA:14,5
DA:18,5
DA:19,5
DA:20,5
DA:24,11
DA:27,1
DA:29,10
DA:32,1
DA:34,9
DA:37,1
DA:39,8
DA:42,1
DA:44,7
DA:47,1
DA:49,6
DA:52,1
DA:54,5
DA:57,1
DA:59,4
DA:62,1
DA:64,3
DA:67,1
DA:69,2
DA:72,1
DA:74,1
DA:77,1
DA:81,11
DA:85,4
DA:86,4
DA:87,4
DA:91,6
DA:92,6
DA:96,1
DA:97,1
DA:101,2
DA:105,4
DA:109,5
DA:113,5
DA:117,11
LF:46
LH:46
BRDA:24,0,0,1
BRDA:24,0,1,10
BRDA:29,1,0,1
BRDA:29,1,1,9
BRDA:29,2,0,10
BRDA:29,2,1,10
BRDA:34,3,0,1
BRDA:34,3,1,8
BRDA:34,4,0,9
BRDA:34,4,1,9
BRDA:39,5,0,1
BRDA:39,5,1,7
BRDA:39,6,0,8
BRDA:39,6,1,8
BRDA:44,7,0,1
BRDA:44,7,1,6
BRDA:44,8,0,7
BRDA:44,8,1,7
BRDA:49,9,0,1
BRDA:49,9,1,5
BRDA:49,10,0,6
BRDA:49,10,1,6
BRDA:54,11,0,1
BRDA:54,11,1,4
BRDA:54,12,0,5
BRDA:54,12,1,5
BRDA:59,13,0,1
BRDA:59,13,1,3
BRDA:59,14,0,4
BRDA:59,14,1,4
BRDA:64,15,0,1
BRDA:64,15,1,2
BRDA:64,16,0,3
BRDA:64,16,1,3
BRDA:69,17,0,1
BRDA:69,17,1,1
BRDA:69,18,0,2
BRDA:69,18,1,2
BRDA:74,19,0,1
BRDA:74,19,1,0
BRF:40
BRH:39
end_of_record
